{"name": "test_search_without_providing_any_product", "status": "failed", "statusDetails": {"message": "AssertionError: assert False\n +  where False = <method-wrapper '__eq__' of str object at 0x0000021149157BD0>('There is no product that matches the search criteria.abc')\n +    where <method-wrapper '__eq__' of str object at 0x0000021149157BD0> = 'There is no product that matches the search criteria.'.__eq__\n +      where 'There is no product that matches the search criteria.' = <bound method SearchPage.retrive_no_product_message of <pages.SearchPage.SearchPage object at 0x00000211484158B0>>()\n +        where <bound method SearchPage.retrive_no_product_message of <pages.SearchPage.SearchPage object at 0x00000211484158B0>> = <pages.SearchPage.SearchPage object at 0x00000211484158B0>.retrive_no_product_message", "trace": "self = <test1.test_Search.TestSearch object at 0x0000021148EA4170>\n\n    def test_search_without_providing_any_product(self):\n        home_page = HomePage(self.driver)\n        search_page = home_page.search_for_a_product(\"\")\n        expected_text = \"There is no product that matches the search criteria.abc\"\n>       assert search_page.retrive_no_product_message().__eq__(expected_text)\nE       AssertionError: assert False\nE        +  where False = <method-wrapper '__eq__' of str object at 0x0000021149157BD0>('There is no product that matches the search criteria.abc')\nE        +    where <method-wrapper '__eq__' of str object at 0x0000021149157BD0> = 'There is no product that matches the search criteria.'.__eq__\nE        +      where 'There is no product that matches the search criteria.' = <bound method SearchPage.retrive_no_product_message of <pages.SearchPage.SearchPage object at 0x00000211484158B0>>()\nE        +        where <bound method SearchPage.retrive_no_product_message of <pages.SearchPage.SearchPage object at 0x00000211484158B0>> = <pages.SearchPage.SearchPage object at 0x00000211484158B0>.retrive_no_product_message\n\ntest1\\test_Search.py:28: AssertionError"}, "start": 1710308230532, "stop": 1710308231150, "uuid": "d2264c41-8074-4515-be8f-f32f2ddb8599", "historyId": "64cd4d9b02f398b2be864b50a50c35b0", "testCaseId": "64cd4d9b02f398b2be864b50a50c35b0", "fullName": "test1.test_Search.TestSearch#test_search_without_providing_any_product", "labels": [{"name": "tag", "value": "@pytest.mark.usefixtures('setup_and_teardown', 'log_on_failure')"}, {"name": "parentSuite", "value": "test1"}, {"name": "suite", "value": "test_Search"}, {"name": "subSuite", "value": "TestSearch"}, {"name": "host", "value": "Chaitra"}, {"name": "thread", "value": "27188-MainThread"}, {"name": "framework", "value": "pytest"}, {"name": "language", "value": "cpython3"}, {"name": "package", "value": "test1.test_Search"}]}